💾 Step 1: Backup topik_nama lama...
✅ Backup 0 hadits → backup-topik-2026-05-21.json

🚀 Mode: GASS (full update)
📋 33 topik | 5518 hadits | 552 batches

📦 1/552 | ✏️ 3 changed | ✅ 7 same | ⏭ 0 skip
📦 2/552 | ✏️ 6 changed | ✅ 14 same | ⏭ 0 skip
📦 3/552 | ✏️ 11 changed | ✅ 19 same | ⏭ 0 skip
📦 4/552 | ✏️ 16 changed | ✅ 24 same | ⏭ 0 skip
📦 5/552 | ✏️ 20 changed | ✅ 30 same | ⏭ 0 skip
📦 6/552 | ✏️ 23 changed | ✅ 37 same | ⏭ 0 skip
📦 7/552 | ✏️ 25 changed | ✅ 45 same | ⏭ 0 skip
📦 8/552 | ✏️ 32 changed | ✅ 48 same | ⏭ 0 skip
📦 9/552 | ✏️ 34 changed | ✅ 56 same | ⏭ 0 skip
📦 10/552 | ✏️ 38 changed | ✅ 62 same | ⏭ 0 skip
📦 11/552 | ✏️ 44 changed | ✅ 66 same | ⏭ 0 skip
📦 12/552 | ✏️ 47 changed | ✅ 73 same | ⏭ 0 skip
📦 13/552 | ✏️ 53 changed | ✅ 77 same | ⏭ 0 skip
📦 14/552 | ✏️ 57 changed | ✅ 83 same | ⏭ 0 skip
📦 15/552 | ✏️ 61 changed | ✅ 89 same | ⏭ 0 skip
📦 16/552 | ✏️ 66 changed | ✅ 94 same | ⏭ 0 skip
📦 17/552 | ✏️ 69 changed | ✅ 100 same | ⏭ 1 skip
📦 18/552 | ✏️ 71 changed | ✅ 108 same | ⏭ 1 skip
📦 19/552 | ✏️ 73 changed | ✅ 116 same | ⏭ 1 skip
📦 20/552 | ✏️ 79 changed | ✅ 120 same | ⏭ 1 skip
📦 21/552 | ✏️ 81 changed | ✅ 128 same | ⏭ 1 skip
📦 22/552 | ✏️ 83 changed | ✅ 136 same | ⏭ 1 skip
📦 23/552 | ✏️ 84 changed | ✅ 145 same | ⏭ 1 skip
📦 24/552 | ✏️ 87 changed | ✅ 152 same | ⏭ 1 skip
📦 25/552 | ✏️ 88 changed | ✅ 161 same | ⏭ 1 skip
📦 26/552 | ✏️ 90 changed | ✅ 169 same | ⏭ 1 skip
📦 27/552 | ✏️ 93 changed | ✅ 176 same | ⏭ 1 skip
📦 28/552 | ✏️ 96 changed | ✅ 183 same | ⏭ 1 skip
📦 29/552 | ✏️ 100 changed | ✅ 189 same | ⏭ 1 skip
📦 30/552 | ✏️ 102 changed | ✅ 197 same | ⏭ 1 skip
📦 31/552 | ✏️ 102 changed | ✅ 207 same | ⏭ 1 skip
📦 32/552 | ✏️ 103 changed | ✅ 216 same | ⏭ 1 skip
📦 33/552 | ✏️ 107 changed | ✅ 222 same | ⏭ 1 skip
📦 34/552 | ✏️ 110 changed | ✅ 229 same | ⏭ 1 skip
📦 35/552 | ✏️ 114 changed | ✅ 235 same | ⏭ 1 skip
📦 36/552 | ✏️ 118 changed | ✅ 241 same | ⏭ 1 skip
📦 37/552 | ✏️ 123 changed | ✅ 246 same | ⏭ 1 skip
📦 38/552 | ✏️ 126 changed | ✅ 253 same | ⏭ 1 skip
📦 39/552 | ✏️ 128 changed | ✅ 261 same | ⏭ 1 skip
📦 40/552 | ✏️ 131 changed | ✅ 268 same | ⏭ 1 skip
📦 41/552 | ✏️ 134 changed | ✅ 275 same | ⏭ 1 skip
📦 42/552 | ✏️ 135 changed | ✅ 284 same | ⏭ 1 skip
📦 43/552 | ✏️ 137 changed | ✅ 292 same | ⏭ 1 skip
📦 44/552 | ✏️ 139 changed | ✅ 300 same | ⏭ 1 skip
📦 45/552 | ✏️ 143 changed | ✅ 306 same | ⏭ 1 skip
📦 46/552 | ✏️ 144 changed | ✅ 315 same | ⏭ 1 skip
📦 47/552 | ✏️ 147 changed | ✅ 322 same | ⏭ 1 skip
📦 48/552 | ✏️ 149 changed | ✅ 330 same | ⏭ 1 skip
📦 49/552 | ✏️ 150 changed | ✅ 339 same | ⏭ 1 skip
📦 50/552 | ✏️ 151 changed | ✅ 348 same | ⏭ 1 skip
📦 51/552 | ✏️ 151 changed | ✅ 358 same | ⏭ 1 skip
📦 52/552 | ✏️ 154 changed | ✅ 365 same | ⏭ 1 skip
📦 53/552 | ✏️ 156 changed | ✅ 373 same | ⏭ 1 skip
📦 54/552 | ✏️ 157 changed | ✅ 382 same | ⏭ 1 skip
📦 55/552 | ✏️ 164 changed | ✅ 385 same | ⏭ 1 skip
📦 56/552 | ✏️ 167 changed | ✅ 392 same | ⏭ 1 skip
📦 57/552 | ✏️ 168 changed | ✅ 401 same | ⏭ 1 skip
📦 58/552 | ✏️ 170 changed | ✅ 409 same | ⏭ 1 skip
📦 59/552 | ✏️ 172 changed | ✅ 417 same | ⏭ 1 skip
📦 60/552 | ✏️ 174 changed | ✅ 425 same | ⏭ 1 skip
📦 61/552 | ✏️ 177 changed | ✅ 432 same | ⏭ 1 skip
📦 62/552 | ✏️ 182 changed | ✅ 437 same | ⏭ 1 skip
📦 63/552 | ✏️ 187 changed | ✅ 442 same | ⏭ 1 skip
📦 64/552 | ✏️ 190 changed | ✅ 449 same | ⏭ 1 skip
📦 65/552 | ✏️ 194 changed | ✅ 455 same | ⏭ 1 skip
📦 66/552 | ✏️ 200 changed | ✅ 459 same | ⏭ 1 skip
📦 67/552 | ✏️ 201 changed | ✅ 468 same | ⏭ 1 skip
📦 68/552 | ✏️ 204 changed | ✅ 475 same | ⏭ 1 skip
📦 69/552 | ✏️ 207 changed | ✅ 482 same | ⏭ 1 skip
📦 70/552 | ✏️ 209 changed | ✅ 490 same | ⏭ 1 skip
📦 71/552 | ✏️ 212 changed | ✅ 497 same | ⏭ 1 skip
📦 72/552 | ✏️ 215 changed | ✅ 504 same | ⏭ 1 skip
📦 73/552 | ✏️ 218 changed | ✅ 511 same | ⏭ 1 skip
📦 74/552 | ✏️ 222 changed | ✅ 517 same | ⏭ 1 skip
📦 75/552 | ✏️ 225 changed | ✅ 524 same | ⏭ 1 skip
📦 76/552 | ✏️ 229 changed | ✅ 530 same | ⏭ 1 skip
📦 77/552 | ✏️ 230 changed | ✅ 539 same | ⏭ 1 skip
📦 78/552 | ✏️ 235 changed | ✅ 544 same | ⏭ 1 skip
📦 79/552 | ✏️ 239 changed | ✅ 550 same | ⏭ 1 skip
📦 80/552 | ✏️ 242 changed | ✅ 557 same | ⏭ 1 skip
📦 81/552 | ✏️ 250 changed | ✅ 559 same | ⏭ 1 skip
📦 82/552 | ✏️ 252 changed | ✅ 567 same | ⏭ 1 skip
📦 83/552 | ✏️ 254 changed | ✅ 575 same | ⏭ 1 skip
📦 84/552 | ✏️ 261 changed | ✅ 578 same | ⏭ 1 skip
📦 85/552 | ✏️ 267 changed | ✅ 582 same | ⏭ 1 skip
📦 86/552 | ✏️ 270 changed | ✅ 589 same | ⏭ 1 skip
📦 87/552 | ✏️ 275 changed | ✅ 594 same | ⏭ 1 skip
📦 88/552 | ✏️ 278 changed | ✅ 601 same | ⏭ 1 skip
📦 89/552 | ✏️ 280 changed | ✅ 609 same | ⏭ 1 skip
📦 90/552 | ✏️ 283 changed | ✅ 616 same | ⏭ 1 skip
📦 91/552 | ✏️ 287 changed | ✅ 622 same | ⏭ 1 skip
📦 92/552 | ✏️ 290 changed | ✅ 629 same | ⏭ 1 skip
📦 93/552 | ✏️ 292 changed | ✅ 637 same | ⏭ 1 skip
📦 94/552 | ✏️ 294 changed | ✅ 645 same | ⏭ 1 skip
📦 95/552 | ✏️ 299 changed | ✅ 650 same | ⏭ 1 skip
📦 96/552 | ✏️ 303 changed | ✅ 656 same | ⏭ 1 skip
📦 97/552 | ✏️ 306 changed | ✅ 663 same | ⏭ 1 skip
📦 98/552 | ✏️ 310 changed | ✅ 669 same | ⏭ 1 skip
📦 99/552 | ✏️ 312 changed | ✅ 676 same | ⏭ 2 skip
📦 100/552 | ✏️ 313 changed | ✅ 685 same | ⏭ 2 skip
📦 101/552 | ✏️ 316 changed | ✅ 692 same | ⏭ 2 skip
📦 102/552 | ✏️ 319 changed | ✅ 699 same | ⏭ 2 skip
📦 103/552 | ✏️ 324 changed | ✅ 704 same | ⏭ 2 skip
📦 104/552 | ✏️ 326 changed | ✅ 712 same | ⏭ 2 skip
📦 105/552 | ✏️ 330 changed | ✅ 718 same | ⏭ 2 skip
📦 106/552 | ✏️ 332 changed | ✅ 726 same | ⏭ 2 skip
📦 107/552 | ✏️ 336 changed | ✅ 732 same | ⏭ 2 skip
📦 108/552 | ✏️ 338 changed | ✅ 740 same | ⏭ 2 skip
📦 109/552 | ✏️ 341 changed | ✅ 747 same | ⏭ 2 skip
📦 110/552 | ✏️ 344 changed | ✅ 754 same | ⏭ 2 skip
📦 111/552 | ✏️ 350 changed | ✅ 758 same | ⏭ 2 skip
📦 112/552 | ✏️ 351 changed | ✅ 767 same | ⏭ 2 skip
📦 113/552 | ✏️ 357 changed | ✅ 771 same | ⏭ 2 skip
📦 114/552 | ✏️ 360 changed | ✅ 778 same | ⏭ 2 skip
📦 115/552 | ✏️ 365 changed | ✅ 783 same | ⏭ 2 skip
📦 116/552 | ✏️ 371 changed | ✅ 787 same | ⏭ 2 skip
📦 117/552 | ✏️ 373 changed | ✅ 795 same | ⏭ 2 skip
📦 118/552 | ✏️ 378 changed | ✅ 800 same | ⏭ 2 skip
📦 119/552 | ✏️ 380 changed | ✅ 808 same | ⏭ 2 skip
📦 120/552 | ✏️ 385 changed | ✅ 813 same | ⏭ 2 skip
📦 121/552 | ✏️ 387 changed | ✅ 821 same | ⏭ 2 skip
📦 122/552 | ✏️ 390 changed | ✅ 828 same | ⏭ 2 skip
📦 123/552 | ✏️ 392 changed | ✅ 836 same | ⏭ 2 skip
📦 124/552 | ✏️ 397 changed | ✅ 841 same | ⏭ 2 skip
📦 125/552 | ✏️ 400 changed | ✅ 848 same | ⏭ 2 skip
📦 126/552 | ✏️ 406 changed | ✅ 852 same | ⏭ 2 skip
📦 127/552 | ✏️ 410 changed | ✅ 858 same | ⏭ 2 skip
📦 128/552 | ✏️ 414 changed | ✅ 864 same | ⏭ 2 skip
📦 129/552 | ✏️ 416 changed | ✅ 872 same | ⏭ 2 skip
📦 130/552 | ✏️ 421 changed | ✅ 877 same | ⏭ 2 skip
📦 131/552 | ✏️ 425 changed | ✅ 883 same | ⏭ 2 skip
📦 132/552 | ✏️ 430 changed | ✅ 888 same | ⏭ 2 skip
📦 133/552 | ✏️ 434 changed | ✅ 894 same | ⏭ 2 skip
📦 134/552 | ✏️ 437 changed | ✅ 901 same | ⏭ 2 skip
📦 135/552 | ✏️ 441 changed | ✅ 907 same | ⏭ 2 skip
📦 136/552 | ✏️ 445 changed | ✅ 913 same | ⏭ 2 skip
📦 137/552 | ✏️ 447 changed | ✅ 921 same | ⏭ 2 skip
📦 138/552 | ✏️ 452 changed | ✅ 926 same | ⏭ 2 skip
📦 139/552 | ✏️ 457 changed | ✅ 931 same | ⏭ 2 skip
📦 140/552 | ✏️ 460 changed | ✅ 938 same | ⏭ 2 skip
📦 141/552 | ✏️ 465 changed | ✅ 943 same | ⏭ 2 skip
📦 142/552 | ✏️ 469 changed | ✅ 949 same | ⏭ 2 skip
📦 143/552 | ✏️ 475 changed | ✅ 953 same | ⏭ 2 skip
📦 144/552 | ✏️ 479 changed | ✅ 959 same | ⏭ 2 skip
📦 145/552 | ✏️ 484 changed | ✅ 964 same | ⏭ 2 skip
📦 146/552 | ✏️ 488 changed | ✅ 970 same | ⏭ 2 skip
📦 147/552 | ✏️ 490 changed | ✅ 978 same | ⏭ 2 skip
📦 148/552 | ✏️ 493 changed | ✅ 985 same | ⏭ 2 skip
📦 149/552 | ✏️ 497 changed | ✅ 991 same | ⏭ 2 skip
📦 150/552 | ✏️ 499 changed | ✅ 999 same | ⏭ 2 skip
📦 151/552 | ✏️ 502 changed | ✅ 1006 same | ⏭ 2 skip
📦 152/552 | ✏️ 504 changed | ✅ 1014 same | ⏭ 2 skip
📦 153/552 | ✏️ 508 changed | ✅ 1019 same | ⏭ 3 skip
📦 154/552 | ✏️ 511 changed | ✅ 1026 same | ⏭ 3 skip
📦 155/552 | ✏️ 516 changed | ✅ 1031 same | ⏭ 3 skip
📦 156/552 | ✏️ 522 changed | ✅ 1035 same | ⏭ 3 skip
📦 157/552 | ✏️ 526 changed | ✅ 1041 same | ⏭ 3 skip
📦 158/552 | ✏️ 533 changed | ✅ 1044 same | ⏭ 3 skip
📦 159/552 | ✏️ 536 changed | ✅ 1048 same | ⏭ 6 skip
📦 160/552 | ✏️ 539 changed | ✅ 1055 same | ⏭ 6 skip
📦 161/552 | ✏️ 544 changed | ✅ 1060 same | ⏭ 6 skip
📦 162/552 | ✏️ 549 changed | ✅ 1065 same | ⏭ 6 skip
📦 163/552 | ✏️ 552 changed | ✅ 1072 same | ⏭ 6 skip
📦 164/552 | ✏️ 556 changed | ✅ 1078 same | ⏭ 6 skip
📦 165/552 | ✏️ 558 changed | ✅ 1086 same | ⏭ 6 skip
📦 166/552 | ✏️ 561 changed | ✅ 1093 same | ⏭ 6 skip
📦 167/552 | ✏️ 563 changed | ✅ 1101 same | ⏭ 6 skip
📦 168/552 | ✏️ 564 changed | ✅ 1110 same | ⏭ 6 skip
📦 169/552 | ✏️ 570 changed | ✅ 1113 same | ⏭ 7 skip
📦 170/552 | ✏️ 575 changed | ✅ 1118 same | ⏭ 7 skip
📦 171/552 | ✏️ 578 changed | ✅ 1125 same | ⏭ 7 skip
📦 172/552 | ✏️ 583 changed | ✅ 1130 same | ⏭ 7 skip
📦 173/552 | ✏️ 588 changed | ✅ 1135 same | ⏭ 7 skip
📦 174/552 | ✏️ 592 changed | ✅ 1141 same | ⏭ 7 skip
📦 175/552 | ✏️ 595 changed | ✅ 1148 same | ⏭ 7 skip
📦 176/552 | ✏️ 596 changed | ✅ 1157 same | ⏭ 7 skip
📦 177/552 | ✏️ 601 changed | ✅ 1161 same | ⏭ 8 skip
📦 178/552 | ✏️ 607 changed | ✅ 1165 same | ⏭ 8 skip
📦 179/552 | ✏️ 613 changed | ✅ 1169 same | ⏭ 8 skip
📦 180/552 | ✏️ 619 changed | ✅ 1173 same | ⏭ 8 skip
📦 181/552 | ✏️ 622 changed | ✅ 1180 same | ⏭ 8 skip
📦 182/552 | ✏️ 627 changed | ✅ 1185 same | ⏭ 8 skip
📦 183/552 | ✏️ 631 changed | ✅ 1191 same | ⏭ 8 skip
📦 184/552 | ✏️ 638 changed | ✅ 1194 same | ⏭ 8 skip
📦 185/552 | ✏️ 641 changed | ✅ 1201 same | ⏭ 8 skip
📦 186/552 | ✏️ 646 changed | ✅ 1206 same | ⏭ 8 skip
📦 187/552 | ✏️ 649 changed | ✅ 1213 same | ⏭ 8 skip
📦 188/552 | ✏️ 654 changed | ✅ 1218 same | ⏭ 8 skip
📦 189/552 | ✏️ 658 changed | ✅ 1224 same | ⏭ 8 skip
📦 190/552 | ✏️ 660 changed | ✅ 1232 same | ⏭ 8 skip
📦 191/552 | ✏️ 664 changed | ✅ 1238 same | ⏭ 8 skip
📦 192/552 | ✏️ 668 changed | ✅ 1244 same | ⏭ 8 skip
📦 193/552 | ✏️ 669 changed | ✅ 1253 same | ⏭ 8 skip
📦 194/552 | ✏️ 675 changed | ✅ 1257 same | ⏭ 8 skip
📦 195/552 | ✏️ 679 changed | ✅ 1262 same | ⏭ 9 skip
📦 196/552 | ✏️ 684 changed | ✅ 1267 same | ⏭ 9 skip
📦 197/552 | ✏️ 688 changed | ✅ 1273 same | ⏭ 9 skip
📦 198/552 | ✏️ 693 changed | ✅ 1278 same | ⏭ 9 skip
📦 199/552 | ✏️ 699 changed | ✅ 1282 same | ⏭ 9 skip
📦 200/552 | ✏️ 702 changed | ✅ 1289 same | ⏭ 9 skip
📦 201/552 | ✏️ 706 changed | ✅ 1295 same | ⏭ 9 skip
📦 202/552 | ✏️ 711 changed | ✅ 1300 same | ⏭ 9 skip
📦 203/552 | ✏️ 716 changed | ✅ 1305 same | ⏭ 9 skip
📦 204/552 | ✏️ 721 changed | ✅ 1310 same | ⏭ 9 skip
📦 205/552 | ✏️ 727 changed | ✅ 1314 same | ⏭ 9 skip
📦 206/552 | ✏️ 731 changed | ✅ 1320 same | ⏭ 9 skip
📦 207/552 | ✏️ 736 changed | ✅ 1325 same | ⏭ 9 skip
📦 208/552 | ✏️ 741 changed | ✅ 1330 same | ⏭ 9 skip
📦 209/552 | ✏️ 746 changed | ✅ 1335 same | ⏭ 9 skip
📦 210/552 | ✏️ 749 changed | ✅ 1342 same | ⏭ 9 skip
📦 211/552 | ✏️ 752 changed | ✅ 1349 same | ⏭ 9 skip
📦 212/552 | ✏️ 754 changed | ✅ 1357 same | ⏭ 9 skip
📦 213/552 | ✏️ 757 changed | ✅ 1364 same | ⏭ 9 skip
📦 214/552 | ✏️ 760 changed | ✅ 1371 same | ⏭ 9 skip
📦 215/552 | ✏️ 763 changed | ✅ 1378 same | ⏭ 9 skip
📦 216/552 | ✏️ 767 changed | ✅ 1384 same | ⏭ 9 skip
📦 217/552 | ✏️ 771 changed | ✅ 1390 same | ⏭ 9 skip
📦 218/552 | ✏️ 776 changed | ✅ 1395 same | ⏭ 9 skip
📦 219/552 | ✏️ 778 changed | ✅ 1403 same | ⏭ 9 skip
📦 220/552 | ✏️ 784 changed | ✅ 1407 same | ⏭ 9 skip
📦 221/552 | ✏️ 786 changed | ✅ 1415 same | ⏭ 9 skip
📦 222/552 | ✏️ 790 changed | ✅ 1421 same | ⏭ 9 skip
📦 223/552 | ✏️ 794 changed | ✅ 1427 same | ⏭ 9 skip
📦 224/552 | ✏️ 798 changed | ✅ 1433 same | ⏭ 9 skip
📦 225/552 | ✏️ 802 changed | ✅ 1439 same | ⏭ 9 skip
📦 226/552 | ✏️ 805 changed | ✅ 1446 same | ⏭ 9 skip
📦 227/552 | ✏️ 808 changed | ✅ 1453 same | ⏭ 9 skip
📦 228/552 | ✏️ 811 changed | ✅ 1460 same | ⏭ 9 skip
📦 229/552 | ✏️ 814 changed | ✅ 1467 same | ⏭ 9 skip
📦 230/552 | ✏️ 815 changed | ✅ 1476 same | ⏭ 9 skip
📦 231/552 | ✏️ 819 changed | ✅ 1482 same | ⏭ 9 skip
📦 232/552 | ✏️ 824 changed | ✅ 1487 same | ⏭ 9 skip
📦 233/552 | ✏️ 828 changed | ✅ 1493 same | ⏭ 9 skip
📦 234/552 | ✏️ 832 changed | ✅ 1499 same | ⏭ 9 skip
📦 235/552 | ✏️ 836 changed | ✅ 1505 same | ⏭ 9 skip
📦 236/552 | ✏️ 838 changed | ✅ 1513 same | ⏭ 9 skip
📦 237/552 | ✏️ 842 changed | ✅ 1519 same | ⏭ 9 skip
📦 238/552 | ✏️ 844 changed | ✅ 1527 same | ⏭ 9 skip
📦 239/552 | ✏️ 850 changed | ✅ 1531 same | ⏭ 9 skip
📦 240/552 | ✏️ 855 changed | ✅ 1536 same | ⏭ 9 skip
📦 241/552 | ✏️ 859 changed | ✅ 1542 same | ⏭ 9 skip
📦 242/552 | ✏️ 863 changed | ✅ 1548 same | ⏭ 9 skip
📦 243/552 | ✏️ 867 changed | ✅ 1554 same | ⏭ 9 skip
📦 244/552 | ✏️ 871 changed | ✅ 1560 same | ⏭ 9 skip
📦 245/552 | ✏️ 873 changed | ✅ 1568 same | ⏭ 9 skip
📦 246/552 | ✏️ 877 changed | ✅ 1574 same | ⏭ 9 skip
📦 247/552 | ✏️ 880 changed | ✅ 1581 same | ⏭ 9 skip
📦 248/552 | ✏️ 885 changed | ✅ 1586 same | ⏭ 9 skip
📦 249/552 | ✏️ 890 changed | ✅ 1591 same | ⏭ 9 skip
